======================================================================
ReEDS SURROGATE MODEL — ML PIPELINE
======================================================================

[1/4] Loading data...
Loaded data: 486 samples, 464 columns
  X features: 6 (['x_Batt', 'x_Dem', 'x_Fuel', 'x_Pol', 'x_REcost', 'x_Siting'])
  Y outputs: 457
  Removed 75 constant Y columns (zero variance)
  Final Y outputs: 382

[2/4] Evaluation strategy: 10-fold CV on all 486 samples
       Final model: trained on all 486 samples

[3/4] Training models: ['xgb', 'ngboost']

  --- XGB ---
    Computing OOF predictions (10-fold CV)...
    OOF R² mean: 0.4652, median: 0.7531
    Outputs with R²>0.9: 117/382
    Outputs with R²>0.95: 73/382
    Training final model on all 486 samples...
    Saved final model: xgb.joblib

  --- NGBOOST ---
    Computing OOF predictions (10-fold CV)...
    OOF R² mean: 0.6047, median: 0.6836
    Outputs with R²>0.9: 86/382
    Outputs with R²>0.95: 51/382
    Training final model on all 486 samples...
    Saved final model: ngboost.joblib

[4/4] Generating comparison plots...

    Stacked-bar preview: preview_capacity_stacks.png

======================================================================
RESULTS SUMMARY
======================================================================

Evaluation: 10-fold CV out-of-fold predictions on 486 samples
Final models trained on: all 486 samples

Model                           OOF R² mean  OOF R² med   R²>0.9  R²>0.95
------------------------------------------------------------------------
XGBoost (Gradient Boosting)          0.4652      0.7531  117/382    73/382 
NGBoost (distributional, UQ-native)       0.6047      0.6836   86/382    51/382 

Best model: NGBoost (distributional, UQ-native) (OOF R² mean = 0.6047)

Outputs saved to: C:\ReEDS\ReEDS\postprocessing\surrogate_ml_results_stage2
  - summary.json
  - model_comparison_r2.png
  - r2_distribution_per_output.png
  - parity_*.png (per model)
  - per_output_metrics_ngboost.csv
  - models/*.joblib  (load with surrogate_predict.py / surrogate_dashboard.py)

Try the interactive panel:
  bokeh serve --show postprocessing/surrogate_dashboard.py --args --results_dir C:\ReEDS\ReEDS\postprocessing\surrogate_ml_results_stage2 --data surrogate_ml_data/stage2_regional_ml_numeric.csv
